[3470]: Current jobs: 
[3470]: Current jobs: 3472
[3472]: 1
[3470]: Current jobs: 3472
3477
[3472]: 2
[3477]: 1
[3472]: 3
[3470]: Current jobs: 3472
3477
3484
[3477]: 2
[3472]: 4
[3484]: 1
[3477]: 3
[3472]: 5
[3470]: Current jobs: 3472
3477
3484
3493
[3484]: 2
[3477]: 4
[3472]: 6
[3493]: 1
[3484]: 3
[3477]: 5
[3472]: 7
[3470]: Current jobs: 3472
3477
3484
3493
3504
[3493]: 2
[3484]: 4
[3477]: 6
[3472]: 8
[3504]: 1
[3493]: 3
[3484]: 5
[3477]: 7
[3472]: 9
[3470]: Current jobs: 3472
3477
3484
3493
3504
3519
[3504]: 2
[3493]: 4
[3484]: 6
[3477]: 8
[3472]: 10
[3504]: 3
[3493]: 5
[3484]: 7
[3519]: 1
[3477]: 9
[3470]: About to wait!
[3504]: 4
[3519]: 2
[3484]: 8
[3493]: 6
[3477]: 10
[3504]: 5
[3519]: 3
[3493]: 7
[3484]: 9
[3504]: 6
[3519]: 4
[3493]: 8
[3484]: 10
[3504]: 7
[3493]: 9
[3519]: 5
[3504]: 8
[3519]: 6
[3493]: 10
[3504]: 9
[3519]: 7
[3504]: 10
[3519]: 8
[3519]: 9
[3519]: 10
[3470]: Back from waiting!
[3470]: Current jobs: 
